<?xml version="1.0" encoding="UTF-8"?>
<!-- Generated by org.testng.reporters.JUnitReportReporter -->
<testsuite skipped="0" hostname="LAPTOP-G176N8GQ" name="com.orangehrmlive.demo.testsuite.LoginPageTest" tests="2" failures="0" timestamp="2022-12-12T10:56:54 GMT" time="32.000" errors="0">
  <testcase name="userShouldLoginSuccessfullyWithValidCredentials" time="12.969" classname="com.orangehrmlive.demo.testsuite.LoginPageTest"/>
  <system-out>
    <![CDATA[Enter username [[ChromeDriver: chrome on WINDOWS (33f8cad060c46cc3140c33a27d65b62b)] -> name: username]
Enter password [[ChromeDriver: chrome on WINDOWS (33f8cad060c46cc3140c33a27d65b62b)] -> name: password]
CLick on login button [[ChromeDriver: chrome on WINDOWS (33f8cad060c46cc3140c33a27d65b62b)] -> xpath: //button[contains(@class,'oxd-button')]]
Get actual message [[ChromeDriver: chrome on WINDOWS (33f8cad060c46cc3140c33a27d65b62b)] -> xpath: //h6[contains(@class,'oxd-text')]]]]>
  </system-out>
  <testcase name="userShouldNavigateToForgotPasswordPageSuccessfully" time="19.031" classname="com.orangehrmlive.demo.testsuite.LoginPageTest"/>
  <system-out>
    <![CDATA[Click on forgot password link[[ChromeDriver: chrome on WINDOWS (b5f94f74026e3212ac4856333797c5e2)] -> xpath: //p[text()='Forgot your password? ']]
Get reset password text [[ChromeDriver: chrome on WINDOWS (b5f94f74026e3212ac4856333797c5e2)] -> xpath: //h6[text()='Reset Password']]]]>
  </system-out>
</testsuite> <!-- com.orangehrmlive.demo.testsuite.LoginPageTest -->
